0 info it worked if it ends with ok
1 verbose cli [ 'node', '/usr/local/bin/npm', 'install' ]
2 info using npm@1.3.2
3 info using node@v0.10.13
4 verbose readDependencies using package.json deps
5 verbose install where, deps [ '/Users/joebeuckman/Documents/autonomous_rgb',
5 verbose install   [ 'node-twitter' ] ]
6 info preinstall autonomous_rgb@0.0.1
7 verbose readDependencies using package.json deps
8 verbose cache add [ 'node-twitter@https://github.com/mantacode/node-twitter/tarball/master',
8 verbose cache add   null ]
9 verbose cache add name=undefined spec="node-twitter@https://github.com/mantacode/node-twitter/tarball/master" args=["node-twitter@https://github.com/mantacode/node-twitter/tarball/master",null]
10 verbose parsed url { protocol: null,
10 verbose parsed url   slashes: null,
10 verbose parsed url   auth: null,
10 verbose parsed url   host: null,
10 verbose parsed url   port: null,
10 verbose parsed url   hostname: null,
10 verbose parsed url   hash: null,
10 verbose parsed url   search: null,
10 verbose parsed url   query: null,
10 verbose parsed url   pathname: 'node-twitter@https://github.com/mantacode/node-twitter/tarball/master',
10 verbose parsed url   path: 'node-twitter@https://github.com/mantacode/node-twitter/tarball/master',
10 verbose parsed url   href: 'node-twitter@https://github.com/mantacode/node-twitter/tarball/master' }
11 verbose cache add name="node-twitter" spec="https://github.com/mantacode/node-twitter/tarball/master" args=["node-twitter","https://github.com/mantacode/node-twitter/tarball/master"]
12 verbose parsed url { protocol: 'https:',
12 verbose parsed url   slashes: true,
12 verbose parsed url   auth: null,
12 verbose parsed url   host: 'github.com',
12 verbose parsed url   port: null,
12 verbose parsed url   hostname: 'github.com',
12 verbose parsed url   hash: null,
12 verbose parsed url   search: null,
12 verbose parsed url   query: null,
12 verbose parsed url   pathname: '/mantacode/node-twitter/tarball/master',
12 verbose parsed url   path: '/mantacode/node-twitter/tarball/master',
12 verbose parsed url   href: 'https://github.com/mantacode/node-twitter/tarball/master' }
13 silly lockFile 562f8eac-code-node-twitter-tarball-master https://github.com/mantacode/node-twitter/tarball/master
14 verbose lock https://github.com/mantacode/node-twitter/tarball/master /Users/joebeuckman/.npm/562f8eac-code-node-twitter-tarball-master.lock
15 silly lockFile 562f8eac-code-node-twitter-tarball-master https://github.com/mantacode/node-twitter/tarball/master
16 error Error: EACCES, open '/Users/joebeuckman/.npm/562f8eac-code-node-twitter-tarball-master.lock'
16 error  { [Error: EACCES, open '/Users/joebeuckman/.npm/562f8eac-code-node-twitter-tarball-master.lock']
16 error   errno: 3,
16 error   code: 'EACCES',
16 error   path: '/Users/joebeuckman/.npm/562f8eac-code-node-twitter-tarball-master.lock' }
17 error Please try running this command again as root/Administrator.
18 error System Darwin 13.0.0
19 error command "node" "/usr/local/bin/npm" "install"
20 error cwd /Users/joebeuckman/Documents/autonomous_rgb
21 error node -v v0.10.13
22 error npm -v 1.3.2
23 error path /Users/joebeuckman/.npm/562f8eac-code-node-twitter-tarball-master.lock
24 error code EACCES
25 error errno 3
26 error stack Error: EACCES, open '/Users/joebeuckman/.npm/562f8eac-code-node-twitter-tarball-master.lock'
27 verbose exit [ 3, true ]
